<?xml version="1.0" encoding="UTF-8"?>
<testsuite xmlns:xsi="http://www.w3.org/2001/XMLSchema-instance" xsi:noNamespaceSchemaLocation="https://maven.apache.org/surefire/maven-surefire-plugin/xsd/surefire-test-report-3.0.xsd" version="3.0" name="com.ironbucket.integration.test.IntegrationTestSpecifications$ErrorHandlingTests" time="0.061" tests="4" errors="0" skipped="0" failures="4">
  <properties>
[...]
</properties>
  <testcase name="testForbidden" classname="com.ironbucket.integration.test.IntegrationTestSpecifications$ErrorHandlingTests" time="0.012">
    <failure message="❌ NOT IMPLEMENTED - Forbidden handling missing" type="org.opentest4j.AssertionFailedError"><![CDATA[org.opentest4j.AssertionFailedError: ❌ NOT IMPLEMENTED - Forbidden handling missing
	at org.junit.jupiter.api.AssertionUtils.fail(AssertionUtils.java:42)
	at org.junit.jupiter.api.Assertions.fail(Assertions.java:143)
	at com.ironbucket.integration.test.IntegrationTestSpecifications$ErrorHandlingTests.testForbidden(IntegrationTestSpecifications.java:255)
]]></failure>
  </testcase>
  <testcase name="testServerError" classname="com.ironbucket.integration.test.IntegrationTestSpecifications$ErrorHandlingTests" time="0.002">
    <failure message="❌ NOT IMPLEMENTED - Server error handling missing" type="org.opentest4j.AssertionFailedError"><![CDATA[org.opentest4j.AssertionFailedError: ❌ NOT IMPLEMENTED - Server error handling missing
	at org.junit.jupiter.api.AssertionUtils.fail(AssertionUtils.java:42)
	at org.junit.jupiter.api.Assertions.fail(Assertions.java:143)
	at com.ironbucket.integration.test.IntegrationTestSpecifications$ErrorHandlingTests.testServerError(IntegrationTestSpecifications.java:263)
]]></failure>
  </testcase>
  <testcase name="testBadRequest" classname="com.ironbucket.integration.test.IntegrationTestSpecifications$ErrorHandlingTests" time="0.01">
    <failure message="❌ NOT IMPLEMENTED - Bad request handling missing" type="org.opentest4j.AssertionFailedError"><![CDATA[org.opentest4j.AssertionFailedError: ❌ NOT IMPLEMENTED - Bad request handling missing
	at org.junit.jupiter.api.AssertionUtils.fail(AssertionUtils.java:42)
	at org.junit.jupiter.api.Assertions.fail(Assertions.java:143)
	at com.ironbucket.integration.test.IntegrationTestSpecifications$ErrorHandlingTests.testBadRequest(IntegrationTestSpecifications.java:239)
]]></failure>
  </testcase>
  <testcase name="testUnauthorized" classname="com.ironbucket.integration.test.IntegrationTestSpecifications$ErrorHandlingTests" time="0.01">
    <failure message="❌ NOT IMPLEMENTED - Unauthorized handling missing" type="org.opentest4j.AssertionFailedError"><![CDATA[org.opentest4j.AssertionFailedError: ❌ NOT IMPLEMENTED - Unauthorized handling missing
	at org.junit.jupiter.api.AssertionUtils.fail(AssertionUtils.java:42)
	at org.junit.jupiter.api.Assertions.fail(Assertions.java:143)
	at com.ironbucket.integration.test.IntegrationTestSpecifications$ErrorHandlingTests.testUnauthorized(IntegrationTestSpecifications.java:247)
]]></failure>
  </testcase>
</testsuite>