<?xml version="1.0" encoding="UTF-8"?>
<testsuite xmlns:xsi="http://www.w3.org/2001/XMLSchema-instance" xsi:noNamespaceSchemaLocation="https://maven.apache.org/surefire/maven-surefire-plugin/xsd/surefire-test-report.xsd" version="3.0.2" name="com.ironbucket.storageconductor.S3CompatibilityTest" time="0.034" tests="10" errors="0" skipped="10" failures="0">
  <properties/>
  <testcase name="testMultipartUpload" classname="S3 Compatibility Tests" time="0.0">
    <skipped message="Environment variable [S3_TESTS_ENABLED] does not exist"/>
  </testcase>
  <testcase name="testListObjects" classname="S3 Compatibility Tests" time="0.0">
    <skipped message="Environment variable [S3_TESTS_ENABLED] does not exist"/>
  </testcase>
  <testcase name="testCopyObject" classname="S3 Compatibility Tests" time="0.0">
    <skipped message="Environment variable [S3_TESTS_ENABLED] does not exist"/>
  </testcase>
  <testcase name="testConnectivity" classname="S3 Compatibility Tests" time="0.0">
    <skipped message="Environment variable [S3_TESTS_ENABLED] does not exist"/>
  </testcase>
  <testcase name="testAbortMultipartUpload" classname="S3 Compatibility Tests" time="0.0">
    <skipped message="Environment variable [S3_TESTS_ENABLED] does not exist"/>
  </testcase>
  <testcase name="testListBuckets" classname="S3 Compatibility Tests" time="0.0">
    <skipped message="Environment variable [S3_TESTS_ENABLED] does not exist"/>
  </testcase>
  <testcase name="testDeleteObject" classname="S3 Compatibility Tests" time="0.0">
    <skipped message="Environment variable [S3_TESTS_ENABLED] does not exist"/>
  </testcase>
  <testcase name="testInitialization" classname="S3 Compatibility Tests" time="0.0">
    <skipped message="Environment variable [S3_TESTS_ENABLED] does not exist"/>
  </testcase>
  <testcase name="testUploadAndDownload" classname="S3 Compatibility Tests" time="0.0">
    <skipped message="Environment variable [S3_TESTS_ENABLED] does not exist"/>
  </testcase>
  <testcase name="testCreateBucket" classname="S3 Compatibility Tests" time="0.0">
    <skipped message="Environment variable [S3_TESTS_ENABLED] does not exist"/>
  </testcase>
</testsuite>